<?xml version="1.0" encoding="UTF-8"?>
<testng-results ignored="0" total="1" passed="1" failed="0" skipped="0">
  <reporter-output>
    <line>
      <![CDATA[Browser open]]>
    </line>
    <line>
      <![CDATA[before method]]>
    </line>
    <line>
      <![CDATA[MyHorseListingaction]]>
    </line>
    <line>
      <![CDATA[After method]]>
    </line>
    <line>
      <![CDATA[Browserclose]]>
    </line>
  </reporter-output>
  <suite started-at="2023-04-03T00:04:44 IST" name="Default suite" finished-at="2023-04-03T00:06:26 IST" duration-ms="101248">
    <groups>
    </groups>
    <test started-at="2023-04-03T00:04:44 IST" name="Default test" finished-at="2023-04-03T00:06:26 IST" duration-ms="101248">
      <class name="com.myhorsetest.MyHorseListingText">
        <test-method is-config="true" signature="browserLaunch()[pri:0, instance:com.myhorsetest.MyHorseListingText@24fcf36f]" started-at="2023-04-03T00:04:44 IST" name="browserLaunch" finished-at="2023-04-03T00:05:16 IST" duration-ms="31405" status="PASS">
          <reporter-output>
            <line>
              <![CDATA[Browser open]]>
            </line>
          </reporter-output>
        </test-method> <!-- browserLaunch -->
        <test-method is-config="true" signature="demo()[pri:0, instance:com.myhorsetest.MyHorseListingText@24fcf36f]" started-at="2023-04-03T00:05:16 IST" name="demo" finished-at="2023-04-03T00:05:16 IST" duration-ms="0" status="PASS">
          <reporter-output>
            <line>
              <![CDATA[before method]]>
            </line>
          </reporter-output>
        </test-method> <!-- demo -->
        <test-method signature="MyHorseListingaction()[pri:1, instance:com.myhorsetest.MyHorseListingText@24fcf36f]" started-at="2023-04-03T00:05:16 IST" name="MyHorseListingaction" finished-at="2023-04-03T00:06:25 IST" duration-ms="69584" status="PASS">
          <reporter-output>
            <line>
              <![CDATA[MyHorseListingaction]]>
            </line>
          </reporter-output>
        </test-method> <!-- MyHorseListingaction -->
        <test-method is-config="true" signature="mydemo()[pri:0, instance:com.myhorsetest.MyHorseListingText@24fcf36f]" started-at="2023-04-03T00:06:25 IST" name="mydemo" finished-at="2023-04-03T00:06:25 IST" duration-ms="4" status="PASS">
          <reporter-output>
            <line>
              <![CDATA[After method]]>
            </line>
          </reporter-output>
        </test-method> <!-- mydemo -->
        <test-method is-config="true" signature="browserclose()[pri:0, instance:com.myhorsetest.MyHorseListingText@24fcf36f]" started-at="2023-04-03T00:06:25 IST" name="browserclose" finished-at="2023-04-03T00:06:25 IST" duration-ms="179" status="PASS">
          <reporter-output>
            <line>
              <![CDATA[Browserclose]]>
            </line>
          </reporter-output>
        </test-method> <!-- browserclose -->
      </class> <!-- com.myhorsetest.MyHorseListingText -->
    </test> <!-- Default test -->
  </suite> <!-- Default suite -->
</testng-results>
